[app.py:23 - index()] PATH: None
[app.py:23 - index()] PATH: favicon.ico
[app.py:23 - index()] PATH: None
[app.py:23 - index()] PATH: None
[app.py:23 - index()] PATH: favicon.ico
[app.py:23 - index()] PATH: None
[app.py:23 - index()] PATH: None
[app.py:23 - index()] PATH: favicon.ico
[app.py:23 - index()] PATH: None
[app.py:23 - index()] PATH: favicon.ico
[app.py:23 - index()] PATH: None
[app.py:23 - index()] PATH: favicon.ico
[app.py:23 - index()] PATH: None
[app.py:23 - index()] PATH: favicon.ico
[app.py:23 - index()] PATH: None
[app.py:23 - index()] PATH: favicon.ico
[app.py:23 - index()] PATH: None
[app.py:23 - index()] PATH: favicon.ico
[app.py:23 - index()] PATH: None
[app.py:23 - index()] PATH: favicon.ico
[app.py:23 - index()] PATH: None
[app.py:23 - index()] PATH: favicon.ico
[app.py:23 - index()] PATH: None
[app.py:23 - index()] PATH: favicon.ico
[app.py:23 - index()] PATH: None
[app.py:23 - index()] PATH: favicon.ico
[app.py:23 - index()] PATH: None
[app.py:23 - index()] PATH: favicon.ico
[app.py:23 - index()] PATH: None
[app.py:23 - index()] PATH: favicon.ico
[app.py:23 - index()] PATH: None
[app.py:23 - index()] PATH: favicon.ico
[app.py:23 - index()] PATH: None
[app.py:23 - index()] PATH: favicon.ico
[app.py:23 - index()] PATH: None
[app.py:23 - index()] PATH: script.js
[app.py:23 - index()] PATH: favicon.ico
[app.py:23 - index()] PATH: None
[app.py:23 - index()] PATH: script.js
[app.py:23 - index()] PATH: favicon.ico
[app.py:23 - index()] PATH: None
[app.py:23 - index()] PATH: favicon.ico
[app.py:23 - index()] PATH: None
[app.py:23 - index()] PATH: script.js
[app.py:23 - index()] PATH: favicon.ico
[app.py:23 - index()] PATH: None
[app.py:23 - index()] PATH: script.js
[app.py:23 - index()] PATH: favicon.ico
[app.py:23 - index()] PATH: None
[app.py:23 - index()] PATH: script.js
[app.py:23 - index()] PATH: favicon.ico
[app.py:23 - index()] PATH: None
[app.py:23 - index()] PATH: script.js
[app.py:23 - index()] PATH: favicon.ico
[app.py:23 - index()] PATH: None
[app.py:23 - index()] PATH: script.js
[app.py:23 - index()] PATH: favicon.ico
[app.py:23 - index()] PATH: None
[app.py:23 - index()] PATH: script.js
[app.py:23 - index()] PATH: favicon.ico
[app.py:23 - index()] PATH: None
[app.py:23 - index()] PATH: script.js
[app.py:23 - index()] PATH: favicon.ico
[app.py:23 - index()] PATH: None
[app.py:23 - index()] PATH: script.js
[app.py:23 - index()] PATH: favicon.ico
[app.py:23 - index()] PATH: None
[app.py:23 - index()] PATH: script.js
[app.py:23 - index()] PATH: favicon.ico
[app.py:23 - index()] PATH: None
[app.py:23 - index()] PATH: script.js
[app.py:23 - index()] PATH: favicon.ico
[app.py:23 - index()] PATH: None
[app.py:23 - index()] PATH: script.js
[app.py:23 - index()] PATH: favicon.ico
[app.py:23 - index()] PATH: None
[app.py:23 - index()] PATH: None
[app.py:23 - index()] PATH: script.js
[app.py:23 - index()] PATH: favicon.ico
[app.py:23 - index()] PATH: None
[app.py:23 - index()] PATH: None
[app.py:23 - index()] PATH: script.js
[app.py:23 - index()] PATH: favicon.ico
[app.py:23 - index()] PATH: None
[app.py:23 - index()] PATH: script.js
[app.py:23 - index()] PATH: favicon.ico
[app.py:23 - index()] PATH: None
[app.py:23 - index()] PATH: favicon.ico
[app.py:24 - index()] PATH: None
[app.py:24 - index()] PATH: favicon.ico
[app.py:24 - index()] PATH: None
[app.py:24 - index()] PATH: script.js
[app.py:24 - index()] PATH: favicon.ico
[app.py:24 - index()] PATH: None
[app.py:24 - index()] PATH: script.js
[app.py:24 - index()] PATH: favicon.ico
[app.py:41 - get_fortune()] You will give someone a piece of your mind, which you can ill afford.
[app.py:24 - index()] PATH: None
[app.py:24 - index()] PATH: script.js
[app.py:24 - index()] PATH: favicon.ico
[app.py:41 - get_fortune()] Better hope the life-inspector doesn't come around while you have yourlife in such a mess.
[app.py:41 - get_fortune()] You're working under a slight handicap.  You happen to be human.
[app.py:24 - index()] PATH: None
[app.py:24 - index()] PATH: script.js
[app.py:24 - index()] PATH: favicon.ico
[app.py:41 - get_fortune()] You have a will that can be influenced by all with whom you come in contact.
[app.py:24 - index()] PATH: None
[app.py:24 - index()] PATH: script.js
[app.py:24 - index()] PATH: favicon.ico
[app.py:41 - get_fortune()] Your step will soil many countries.
[app.py:24 - index()] PATH: None
[app.py:24 - index()] PATH: script.js
[app.py:24 - index()] PATH: favicon.ico
[app.py:41 - get_fortune()] Ask somebody something.
[app.py:41 - get_fortune()] Ask somebody something.
[app.py:24 - index()] PATH: None
[app.py:24 - index()] PATH: script.js
[app.py:24 - index()] PATH: favicon.ico
[app.py:41 - get_fortune()] Generosity and perfection are your everlasting goals.
[app.py:24 - index()] PATH: None
[app.py:24 - index()] PATH: script.js
[app.py:24 - index()] PATH: favicon.ico
[app.py:24 - index()] PATH: None
[app.py:24 - index()] PATH: script.js
[app.py:24 - index()] PATH: favicon.ico
[app.py:24 - index()] PATH: None
[app.py:24 - index()] PATH: script.js
[app.py:24 - index()] PATH: favicon.ico
[app.py:24 - index()] PATH: None
[app.py:24 - index()] PATH: script.js
[app.py:24 - index()] PATH: favicon.ico
[app.py:24 - index()] PATH: None
[app.py:24 - index()] PATH: script.js
[app.py:24 - index()] PATH: favicon.ico
[app.py:24 - index()] PATH: None
[app.py:24 - index()] PATH: script.js
[app.py:24 - index()] PATH: favicon.ico
[app.py:41 - get_fortune()] You will be aided greatly by a person whom you thought to be unimportant.
[app.py:24 - index()] PATH: None
[app.py:24 - index()] PATH: script.js
[app.py:24 - index()] PATH: favicon.ico
[app.py:24 - index()] PATH: None
[app.py:24 - index()] PATH: script.js
[app.py:24 - index()] PATH: favicon.ico
[app.py:24 - index()] PATH: None
[app.py:24 - index()] PATH: script.js
[app.py:24 - index()] PATH: favicon.ico
[app.py:24 - index()] PATH: None
[app.py:24 - index()] PATH: script.js
[app.py:24 - index()] PATH: favicon.ico
[app.py:24 - index()] PATH: None
[app.py:24 - index()] PATH: script.js
[app.py:24 - index()] PATH: favicon.ico
[app.py:41 - get_fortune()] You will be surprised by a loud noise.
[app.py:24 - index()] PATH: None
[app.py:24 - index()] PATH: script.js
[app.py:24 - index()] PATH: favicon.ico
[app.py:41 - get_fortune()] You are deeply attached to your friends and acquaintances.
[app.py:24 - index()] PATH: None
[app.py:24 - index()] PATH: script.js
[app.py:24 - index()] PATH: favicon.ico
[app.py:41 - get_fortune()] You will give someone a piece of your mind, which you can ill afford.
[app.py:24 - index()] PATH: None
[app.py:24 - index()] PATH: script.js
[app.py:24 - index()] PATH: favicon.ico
[app.py:24 - index()] PATH: None
[app.py:24 - index()] PATH: favicon.ico
[app.py:24 - index()] PATH: None
[app.py:24 - index()] PATH: favicon.ico
[app.py:24 - index()] PATH: None
[app.py:24 - index()] PATH: favicon.ico
[app.py:24 - index()] PATH: None
[app.py:24 - index()] PATH: favicon.ico
[app.py:24 - index()] PATH: None
[app.py:24 - index()] PATH: script.js
[app.py:24 - index()] PATH: favicon.ico
[app.py:24 - index()] PATH: None
[app.py:24 - index()] PATH: None
[app.py:24 - index()] PATH: script.js
[app.py:24 - index()] PATH: favicon.ico
[app.py:24 - index()] PATH: None
[app.py:24 - index()] PATH: None
[app.py:24 - index()] PATH: None
[app.py:24 - index()] PATH: None
[app.py:24 - index()] PATH: None
[app.py:24 - index()] PATH: None
[app.py:24 - index()] PATH: None
[app.py:24 - index()] PATH: script.js
[app.py:24 - index()] PATH: favicon.ico
[app.py:24 - index()] PATH: None
[app.py:24 - index()] PATH: None
[app.py:24 - index()] PATH: script.js
[app.py:24 - index()] PATH: favicon.ico
[app.py:24 - index()] PATH: None
[app.py:24 - index()] PATH: None
[app.py:24 - index()] PATH: script.js
[app.py:24 - index()] PATH: favicon.ico
[app.py:24 - index()] PATH: None
[app.py:41 - get_fortune()] Don't you feel more like you do now than you did when you came in?
[app.py:41 - get_fortune()] You will not be elected to public office this year.
[app.py:41 - get_fortune()] You will wish you hadn't.
[app.py:41 - get_fortune()] You attempt things that you do not even plan because of your extreme stupidity.
[app.py:24 - index()] PATH: None
[app.py:24 - index()] PATH: None
[app.py:24 - index()] PATH: styles.3bb2a9d4949b7dc120a9.css
[app.py:24 - index()] PATH: runtime.ec2944dd8b20ec099bf3.js
[app.py:24 - index()] PATH: polyfills.c6871e56cb80756a5498.js
[app.py:24 - index()] PATH: main.ab851026fd8ac0e709f9.js
[app.py:24 - index()] PATH: None
[app.py:24 - index()] PATH: styles.3bb2a9d4949b7dc120a9.css
[app.py:24 - index()] PATH: polyfills.c6871e56cb80756a5498.js
[app.py:24 - index()] PATH: main.ab851026fd8ac0e709f9.js
[app.py:24 - index()] PATH: runtime.ec2944dd8b20ec099bf3.js
[app.py:24 - index()] PATH: favicon.ico
[app.py:41 - get_fortune()] Accent on helpful side of your nature.  Drain the moat.
[app.py:24 - index()] PATH: None
[app.py:24 - index()] PATH: styles.3bb2a9d4949b7dc120a9.css
[app.py:24 - index()] PATH: runtime.ec2944dd8b20ec099bf3.js
[app.py:24 - index()] PATH: polyfills.c6871e56cb80756a5498.js
[app.py:24 - index()] PATH: main.ab851026fd8ac0e709f9.js
[app.py:24 - index()] PATH: favicon.ico
[app.py:41 - get_fortune()] You attempt things that you do not even plan because of your extreme stupidity.
[app.py:24 - index()] PATH: None
[app.py:24 - index()] PATH: styles.3bb2a9d4949b7dc120a9.css
[app.py:24 - index()] PATH: runtime.ec2944dd8b20ec099bf3.js
[app.py:24 - index()] PATH: polyfills.c6871e56cb80756a5498.js
[app.py:24 - index()] PATH: main.97e7fd9103ed8ec1cccf.js
[app.py:24 - index()] PATH: favicon.ico
[app.py:24 - index()] PATH: None
[app.py:24 - index()] PATH: None
[app.py:24 - index()] PATH: None
[app.py:24 - index()] PATH: styles.3bb2a9d4949b7dc120a9.css
[app.py:24 - index()] PATH: runtime.ec2944dd8b20ec099bf3.js
[app.py:24 - index()] PATH: polyfills.c6871e56cb80756a5498.js
[app.py:24 - index()] PATH: main.9f63149dae38c003c7ad.js
[app.py:24 - index()] PATH: favicon.ico
[app.py:24 - index()] PATH: None
[app.py:24 - index()] PATH: None
[app.py:24 - index()] PATH: None
[app.py:24 - index()] PATH: styles.3bb2a9d4949b7dc120a9.css
[app.py:24 - index()] PATH: polyfills.c6871e56cb80756a5498.js
[app.py:24 - index()] PATH: runtime.ec2944dd8b20ec099bf3.js
[app.py:24 - index()] PATH: main.04b37cadfd8bc0093f37.js
[app.py:24 - index()] PATH: favicon.ico
[app.py:24 - index()] PATH: None
[app.py:24 - index()] PATH: None
[app.py:24 - index()] PATH: main.4e29a6bbba4badaec2c2.js
[app.py:24 - index()] PATH: None
[app.py:24 - index()] PATH: None
[app.py:24 - index()] PATH: main.e9b0304a8c72e2146463.js
[app.py:24 - index()] PATH: None
[app.py:24 - index()] PATH: None
[app.py:24 - index()] PATH: main.bc5aeefb497c16236971.js
[app.py:24 - index()] PATH: None
[app.py:24 - index()] PATH: None
[app.py:24 - index()] PATH: None
[app.py:24 - index()] PATH: main.9c8e781fd66188e3bf09.js
[app.py:24 - index()] PATH: None
[app.py:24 - index()] PATH: main.18705735eba83d576856.js
[app.py:24 - index()] PATH: None
[app.py:24 - index()] PATH: main.3448f10de267bde1a82e.js
[app.py:24 - index()] PATH: None
[app.py:24 - index()] PATH: styles.3bb2a9d4949b7dc120a9.css
[app.py:24 - index()] PATH: polyfills.c6871e56cb80756a5498.js
[app.py:24 - index()] PATH: runtime.ec2944dd8b20ec099bf3.js
[app.py:24 - index()] PATH: main.3448f10de267bde1a82e.js
[app.py:24 - index()] PATH: favicon.ico
[app.py:24 - index()] PATH: None
[app.py:24 - index()] PATH: styles.3bb2a9d4949b7dc120a9.css
[app.py:24 - index()] PATH: runtime.ec2944dd8b20ec099bf3.js
[app.py:24 - index()] PATH: polyfills.c6871e56cb80756a5498.js
[app.py:24 - index()] PATH: main.3448f10de267bde1a82e.js
[app.py:24 - index()] PATH: favicon.ico
[app.py:41 - get_fortune()] Ships are safe in harbor, but they were never meant to stay there.
[app.py:41 - get_fortune()] Ships are safe in harbor, but they were never meant to stay there.
[app.py:41 - get_fortune()] Ships are safe in harbor, but they were never meant to stay there.
[app.py:41 - get_fortune()] Ships are safe in harbor, but they were never meant to stay there.
[app.py:41 - get_fortune()] Ships are safe in harbor, but they were never meant to stay there.
[app.py:41 - get_fortune()] Ships are safe in harbor, but they were never meant to stay there.
[app.py:41 - get_fortune()] Ships are safe in harbor, but they were never meant to stay there.
[app.py:41 - get_fortune()] Ships are safe in harbor, but they were never meant to stay there.
[app.py:41 - get_fortune()] Ships are safe in harbor, but they were never meant to stay there.
[app.py:41 - get_fortune()] Ships are safe in harbor, but they were never meant to stay there.
[app.py:41 - get_fortune()] Ships are safe in harbor, but they were never meant to stay there.
[app.py:41 - get_fortune()] Ships are safe in harbor, but they were never meant to stay there.
[app.py:41 - get_fortune()] Ships are safe in harbor, but they were never meant to stay there.
[app.py:41 - get_fortune()] Ships are safe in harbor, but they were never meant to stay there.
[app.py:41 - get_fortune()] Ships are safe in harbor, but they were never meant to stay there.
[app.py:41 - get_fortune()] Ships are safe in harbor, but they were never meant to stay there.
[app.py:41 - get_fortune()] Lady Luck brings added income today.  Lady friend takes it away tonight.
[app.py:41 - get_fortune()] Lady Luck brings added income today.  Lady friend takes it away tonight.
[app.py:24 - index()] PATH: None
[app.py:24 - index()] PATH: styles.3bb2a9d4949b7dc120a9.css
[app.py:24 - index()] PATH: runtime.ec2944dd8b20ec099bf3.js
[app.py:24 - index()] PATH: polyfills.c6871e56cb80756a5498.js
[app.py:24 - index()] PATH: main.3448f10de267bde1a82e.js
[app.py:24 - index()] PATH: favicon.ico
[app.py:24 - index()] PATH: None
[app.py:24 - index()] PATH: favicon.ico
[app.py:24 - index()] PATH: None
[app.py:24 - index()] PATH: favicon.ico
[app.py:24 - index()] PATH: None
[app.py:24 - index()] PATH: styles.3bb2a9d4949b7dc120a9.css
[app.py:24 - index()] PATH: polyfills.c6871e56cb80756a5498.js
[app.py:24 - index()] PATH: main.3448f10de267bde1a82e.js
[app.py:24 - index()] PATH: runtime.ec2944dd8b20ec099bf3.js
[app.py:24 - index()] PATH: favicon.ico
[app.py:24 - index()] PATH: None
[app.py:24 - index()] PATH: styles.3bb2a9d4949b7dc120a9.css
[app.py:24 - index()] PATH: runtime.ec2944dd8b20ec099bf3.js
[app.py:24 - index()] PATH: polyfills.c6871e56cb80756a5498.js
[app.py:24 - index()] PATH: main.2edb7b469b6195142e6e.js
[app.py:24 - index()] PATH: favicon.ico
[app.py:24 - index()] PATH: None
[app.py:24 - index()] PATH: main.72bc97e38fc300f2c295.js
[app.py:24 - index()] PATH: None
[app.py:24 - index()] PATH: script.js
[app.py:24 - index()] PATH: None
[app.py:24 - index()] PATH: None
[app.py:24 - index()] PATH: favicon.ico
[app.py:24 - index()] PATH: None
[app.py:24 - index()] PATH: script.js
[app.py:24 - index()] PATH: favicon.ico
[app.py:24 - index()] PATH: None
[app.py:24 - index()] PATH: script.js
[app.py:24 - index()] PATH: favicon.ico
[app.py:24 - index()] PATH: None
[app.py:24 - index()] PATH: None
[app.py:24 - index()] PATH: script.js
[app.py:24 - index()] PATH: favicon.ico
[app.py:24 - index()] PATH: None
[app.py:24 - index()] PATH: None
[app.py:24 - index()] PATH: None
[app.py:24 - index()] PATH: None
[app.py:24 - index()] PATH: None
[app.py:24 - index()] PATH: script.js
[app.py:24 - index()] PATH: favicon.ico
[app.py:24 - index()] PATH: None
[app.py:24 - index()] PATH: None
[app.py:24 - index()] PATH: script.js
[app.py:24 - index()] PATH: favicon.ico
[app.py:41 - get_fortune()] You feel a whole lot more like you do now than you did when you used to.
[app.py:24 - index()] PATH: None
[app.py:24 - index()] PATH: None
[app.py:24 - index()] PATH: None
[app.py:24 - index()] PATH: script.js
[app.py:24 - index()] PATH: favicon.ico
[app.py:24 - index()] PATH: None
[app.py:24 - index()] PATH: None
[app.py:24 - index()] PATH: script.js
[app.py:24 - index()] PATH: favicon.ico
[app.py:24 - index()] PATH: None
[app.py:24 - index()] PATH: None
[app.py:24 - index()] PATH: None
[app.py:24 - index()] PATH: None
[app.py:24 - index()] PATH: script.js
[app.py:24 - index()] PATH: favicon.ico
[app.py:24 - index()] PATH: None
[app.py:24 - index()] PATH: None
[app.py:24 - index()] PATH: script.js
[app.py:24 - index()] PATH: favicon.ico
[app.py:24 - index()] PATH: None
[app.py:24 - index()] PATH: None
[app.py:24 - index()] PATH: script.js
[app.py:24 - index()] PATH: favicon.ico
[app.py:24 - index()] PATH: None
[app.py:24 - index()] PATH: script.js
[app.py:24 - index()] PATH: favicon.ico
[app.py:24 - index()] PATH: None
[app.py:24 - index()] PATH: script.js
[app.py:24 - index()] PATH: favicon.ico
[app.py:24 - index()] PATH: None
[app.py:24 - index()] PATH: script.js
[app.py:24 - index()] PATH: favicon.ico
[app.py:24 - index()] PATH: None
[app.py:24 - index()] PATH: script.js
[app.py:24 - index()] PATH: favicon.ico
[app.py:24 - index()] PATH: None
[app.py:24 - index()] PATH: None
[app.py:24 - index()] PATH: script.js
[app.py:24 - index()] PATH: favicon.ico
[app.py:24 - index()] PATH: None
[app.py:24 - index()] PATH: script.js
[app.py:24 - index()] PATH: favicon.ico
[app.py:24 - index()] PATH: None
[app.py:24 - index()] PATH: script.js
[app.py:24 - index()] PATH: favicon.ico
[app.py:24 - index()] PATH: None
[app.py:24 - index()] PATH: script.js
[app.py:24 - index()] PATH: favicon.ico
[app.py:24 - index()] PATH: None
[app.py:24 - index()] PATH: script.js
[app.py:24 - index()] PATH: favicon.ico
[app.py:24 - index()] PATH: None
[app.py:24 - index()] PATH: script.js
[app.py:24 - index()] PATH: favicon.ico
[app.py:41 - get_fortune()] Just because the message may never be received does not mean it isnot worth sending.
[app.py:24 - index()] PATH: None
[app.py:24 - index()] PATH: None
[app.py:24 - index()] PATH: None
[app.py:24 - index()] PATH: script.js
[app.py:24 - index()] PATH: favicon.ico
[app.py:24 - index()] PATH: None
[app.py:24 - index()] PATH: script.js
[app.py:24 - index()] PATH: favicon.ico
[app.py:24 - index()] PATH: None
[app.py:24 - index()] PATH: script.js
[app.py:24 - index()] PATH: favicon.ico
[app.py:41 - get_fortune()] An avocado-tone refrigerator would look good on your resume.
[app.py:24 - index()] PATH: None
[app.py:24 - index()] PATH: script.js
[app.py:24 - index()] PATH: favicon.ico
[app.py:24 - index()] PATH: None
[app.py:24 - index()] PATH: script.js
[app.py:24 - index()] PATH: favicon.ico
[app.py:41 - get_fortune()] It may or may not be worthwhile, but it still has to be done.
[app.py:24 - index()] PATH: None
[app.py:24 - index()] PATH: favicon.ico
[app.py:41 - get_fortune()] You have an unusual understanding of the problems of human relationships.
[app.py:24 - index()] PATH: None
[app.py:24 - index()] PATH: script.js
[app.py:24 - index()] PATH: favicon.ico
[app.py:24 - index()] PATH: None
[app.py:24 - index()] PATH: None
[app.py:24 - index()] PATH: script.js
[app.py:24 - index()] PATH: favicon.ico
[app.py:24 - index()] PATH: None
[app.py:24 - index()] PATH: favicon.ico
[app.py:24 - index()] PATH: None
[app.py:24 - index()] PATH: None
[app.py:24 - index()] PATH: script.js
[app.py:24 - index()] PATH: favicon.ico
[app.py:24 - index()] PATH: None
[app.py:24 - index()] PATH: script.js
[app.py:24 - index()] PATH: favicon.ico
[app.py:24 - index()] PATH: None
[app.py:24 - index()] PATH: None
[app.py:24 - index()] PATH: script.js
[app.py:24 - index()] PATH: favicon.ico
[app.py:24 - index()] PATH: None
[app.py:24 - index()] PATH: script.js
[app.py:24 - index()] PATH: favicon.ico
[app.py:24 - index()] PATH: None
[app.py:24 - index()] PATH: script.js
[app.py:24 - index()] PATH: favicon.ico
[app.py:41 - get_fortune()] You will be traveling and coming into a fortune.
[app.py:24 - index()] PATH: None
[app.py:24 - index()] PATH: script.js
[app.py:24 - index()] PATH: favicon.ico
[app.py:24 - index()] PATH: None
[app.py:24 - index()] PATH: None
[app.py:24 - index()] PATH: script.js
[app.py:24 - index()] PATH: favicon.ico
[app.py:41 - get_fortune()] Your mode of life will be changed for the better because of good news soon.
[app.py:24 - index()] PATH: None
[app.py:24 - index()] PATH: favicon.ico
[app.py:41 - get_fortune()] You will pay for your sins.  If you have already paid, please disregardthis message.
[app.py:24 - index()] PATH: None
[app.py:24 - index()] PATH: script.js
[app.py:24 - index()] PATH: favicon.ico
[app.py:41 - get_fortune()] You will soon meet a person who will play an important role in your life.
[app.py:24 - index()] PATH: styles.3bb2a9d4949b7dc120a9.css
[app.py:24 - index()] PATH: styles.3bb2a9d4949b7dc120a9.css
[app.py:24 - index()] PATH: None
[app.py:24 - index()] PATH: None
[app.py:24 - index()] PATH: None
[app.py:24 - index()] PATH: script.js
[app.py:24 - index()] PATH: favicon.ico
[app.py:41 - get_fortune()] You have a reputation for being thoroughly reliable and trustworthy. A pity that it's totally undeserved.
[app.py:24 - index()] PATH: styles.3bb2a9d4949b7dc120a9.css
[app.py:24 - index()] PATH: styles.3bb2a9d4949b7dc120a9.css
[app.py:24 - index()] PATH: None
[app.py:24 - index()] PATH: script.js
[app.py:24 - index()] PATH: favicon.ico
[app.py:41 - get_fortune()] You may worry about your hair-do today, but tomorrow much peanut butter willbe sold.
[app.py:24 - index()] PATH: styles.3bb2a9d4949b7dc120a9.css
[app.py:24 - index()] PATH: styles.3bb2a9d4949b7dc120a9.css
[app.py:24 - index()] PATH: None
[app.py:24 - index()] PATH: script.js
[app.py:24 - index()] PATH: favicon.ico
[app.py:41 - get_fortune()] You may worry about your hair-do today, but tomorrow much peanut butter willbe sold.
[app.py:24 - index()] PATH: styles.3bb2a9d4949b7dc120a9.css
[app.py:24 - index()] PATH: styles.3bb2a9d4949b7dc120a9.css
[app.py:41 - get_fortune()] You should go home.
[app.py:24 - index()] PATH: styles.3bb2a9d4949b7dc120a9.css
[app.py:24 - index()] PATH: styles.3bb2a9d4949b7dc120a9.css
[app.py:41 - get_fortune()] You'll feel much better once you've given up hope.
[app.py:24 - index()] PATH: styles.3bb2a9d4949b7dc120a9.css
[app.py:24 - index()] PATH: styles.3bb2a9d4949b7dc120a9.css
[app.py:24 - index()] PATH: None
[app.py:24 - index()] PATH: script.js
[app.py:24 - index()] PATH: favicon.ico
[app.py:42 - get_fortune()] Your motives for doing whatever good deed you may have in mind will bemisinterpreted by somebody.
[app.py:42 - get_fortune()] Your motives for doing whatever good deed you may have in mind will bemisinterpreted by somebody.
[app.py:24 - index()] PATH: styles.3bb2a9d4949b7dc120a9.css
[app.py:24 - index()] PATH: styles.3bb2a9d4949b7dc120a9.css
[app.py:42 - get_fortune()] Your motives for doing whatever good deed you may have in mind will bemisinterpreted by somebody.
[app.py:24 - index()] PATH: styles.3bb2a9d4949b7dc120a9.css
[app.py:24 - index()] PATH: styles.3bb2a9d4949b7dc120a9.css
[app.py:42 - get_fortune()] Your motives for doing whatever good deed you may have in mind will bemisinterpreted by somebody.
[app.py:24 - index()] PATH: styles.3bb2a9d4949b7dc120a9.css
[app.py:24 - index()] PATH: styles.3bb2a9d4949b7dc120a9.css
[app.py:24 - index()] PATH: favicon.ico
[app.py:42 - get_fortune()] Your motives for doing whatever good deed you may have in mind will bemisinterpreted by somebody.
[app.py:24 - index()] PATH: styles.3bb2a9d4949b7dc120a9.css
[app.py:24 - index()] PATH: styles.3bb2a9d4949b7dc120a9.css
[app.py:42 - get_fortune()] Your motives for doing whatever good deed you may have in mind will be misinterpreted by somebody.
[app.py:24 - index()] PATH: styles.3bb2a9d4949b7dc120a9.css
[app.py:24 - index()] PATH: styles.3bb2a9d4949b7dc120a9.css
[app.py:24 - index()] PATH: favicon.ico
